app/build/intermediates/manifest_merge_blame_file/release/manifest-merger-blame-release-report.txt
1<?xml version="1.0" encoding="utf-8"?>
2<manifest xmlns:android="http://schemas.android.com/apk/res/android"
3    package="com.startng.newsapp"
4    android:versionCode="1"
5    android:versionName="1.0" >
6
7    <uses-sdk
8        android:minSdkVersion="18"
8-->src\main\AndroidManifest.xml
9        android:targetSdkVersion="29" />
9-->src\main\AndroidManifest.xml
10
11    <application
11-->src\main\AndroidManifest.xml:5:5-20:19
12        android:allowBackup="true"
12-->src\main\AndroidManifest.xml:6:9-35
13        android:appComponentFactory="androidx.core.app.CoreComponentFactory"
13-->[androidx.core:core:1.1.0] AndroidManifest.xml:24:18-86
14        android:icon="@mipmap/ic_launcher"
14-->src\main\AndroidManifest.xml:7:9-43
15        android:label="@string/app_name"
15-->src\main\AndroidManifest.xml:8:9-41
16        android:roundIcon="@mipmap/ic_launcher_round"
16-->src\main\AndroidManifest.xml:9:9-54
17        android:supportsRtl="true"
17-->src\main\AndroidManifest.xml:10:9-35
18        android:testOnly="true"
19        android:theme="@style/AppTheme" >
19-->src\main\AndroidManifest.xml:11:9-40
20        <activity
20-->src\main\AndroidManifest.xml:12:9-83
21            android:name="com.startng.newsapp.MainActivity"
21-->src\main\AndroidManifest.xml:12:19-47
22            android:label="@string/add_note" />
22-->src\main\AndroidManifest.xml:12:48-80
23        <activity android:name="com.startng.newsapp.NoteListActivity" >
23-->src\main\AndroidManifest.xml:13:9-19:20
23-->src\main\AndroidManifest.xml:13:19-51
24            <intent-filter>
24-->src\main\AndroidManifest.xml:14:13-18:29
25                <action android:name="android.intent.action.MAIN" />
25-->src\main\AndroidManifest.xml:15:17-69
25-->src\main\AndroidManifest.xml:15:25-66
26
27                <category android:name="android.intent.category.LAUNCHER" />
27-->src\main\AndroidManifest.xml:17:17-77
27-->src\main\AndroidManifest.xml:17:27-74
28            </intent-filter>
29        </activity>
30
31        <service
31-->[androidx.room:room-runtime:2.2.0] AndroidManifest.xml:25:9-27:40
32            android:name="androidx.room.MultiInstanceInvalidationService"
32-->[androidx.room:room-runtime:2.2.0] AndroidManifest.xml:26:13-74
33            android:exported="false" />
33-->[androidx.room:room-runtime:2.2.0] AndroidManifest.xml:27:13-37
34
35        <provider
35-->[androidx.lifecycle:lifecycle-process:2.2.0-beta01] AndroidManifest.xml:25:9-29:43
36            android:name="androidx.lifecycle.ProcessLifecycleOwnerInitializer"
36-->[androidx.lifecycle:lifecycle-process:2.2.0-beta01] AndroidManifest.xml:26:13-79
37            android:authorities="com.startng.newsapp.lifecycle-process"
37-->[androidx.lifecycle:lifecycle-process:2.2.0-beta01] AndroidManifest.xml:27:13-69
38            android:exported="false"
38-->[androidx.lifecycle:lifecycle-process:2.2.0-beta01] AndroidManifest.xml:28:13-37
39            android:multiprocess="true" />
39-->[androidx.lifecycle:lifecycle-process:2.2.0-beta01] AndroidManifest.xml:29:13-40
40    </application>
41
42</manifest>